<!DOCTYPE cougaar-topology SYSTEM "cougaar-topology.dtd">

<cougaar-topology>

  <host name="cranberry.dsl.bbn.com"/>

  <host name="test.dsl.bbn.com"/>

  <node name="NODE1"/>

  <node name="NODE2"/>

  <agent name="NODE1"/>

  <agent name ="REAR-NameServer"/>

  <agent name="loader"/>

  <agent  name="other"/>

  <NodeOnHost
    parent-value="cranberry.dsl.bbn.com"
    child-value="NODE1"/>

  <NodeOnHost
    parent-value="cranberry.dsl.bbn.com"
    child-value="NODE2"/>

  <AgentInNode
    parent-value="NODE1"
    child-value="REAR-NameServer"/>

  <AgentInNode
    parent-value="NODE1"
    child-value="loader"/>

  <AgentInNode
    parent-value="NODE1"
    child-value="NODE1"/>

  <AgentInNode
    parent-value="NODE2"
    child-value="other"/>

</cougaar-topology>
